Start testing: Apr 14 16:09 CST
----------------------------------------------------------
1/39 Testing: compile with bug-checkers
1/39 Test: compile with bug-checkers
Command: "/opt/cmake-3.31.2-linux-x86_64/bin/cmake" "--build" "/home/mostima/cs144/minnow/build" "-t" "functionality_testing" "webget"
Directory: /home/mostima/cs144/minnow/build
"compile with bug-checkers" start time: Apr 14 16:09 CST
Output:
----------------------------------------------------------
make[4]: warning: -j32 forced in submake: resetting jobserver mode.
[  4%] Built target minnow_testing_debug
[ 10%] Built target minnow_debug
[ 14%] Built target minnow_testing_sanitized
[ 20%] Built target minnow_sanitized
[ 36%] Built target util_debug
[ 52%] Built target util_sanitized
[ 60%] Built target byte_stream_capacity
[ 60%] Built target byte_stream_stress_test
[ 64%] Built target byte_stream_basics
[ 68%] Built target byte_stream_one_write
[ 72%] Built target byte_stream_two_writes
[ 78%] Built target byte_stream_many_writes
[ 80%] Built target byte_stream_basics_sanitized
[ 84%] Built target byte_stream_capacity_sanitized
[ 88%] Built target byte_stream_one_write_sanitized
[ 94%] Built target byte_stream_two_writes_sanitized
[ 98%] Built target byte_stream_many_writes_sanitized
[100%] Built target byte_stream_stress_test_sanitized
[100%] Built target functionality_testing
[ 13%] Built target stream_copy
[ 33%] Built target minnow_debug
[ 86%] Built target util_debug
[100%] Built target webget
<end of output>
Test time =   0.09 sec
----------------------------------------------------------
Test Passed.
"compile with bug-checkers" end time: Apr 14 16:09 CST
"compile with bug-checkers" time elapsed: 00:00:00
----------------------------------------------------------

2/39 Testing: t_webget
2/39 Test: t_webget
Command: "/home/mostima/cs144/minnow/tests/webget_t.sh" "/home/mostima/cs144/minnow/build"
Directory: /home/mostima/cs144/minnow/build
"t_webget" start time: Apr 14 16:09 CST
Output:
----------------------------------------------------------
HTTP/1.1 200 OK
Content-type: text/plain

7SmXqWkrLKzVBCEalbSPqBcvs11Pw263K7x4Wv3JckI
<end of output>
Test time =   1.05 sec
----------------------------------------------------------
Test Passed.
"t_webget" end time: Apr 14 16:09 CST
"t_webget" time elapsed: 00:00:01
----------------------------------------------------------

3/39 Testing: byte_stream_basics
3/39 Test: byte_stream_basics
Command: "/home/mostima/cs144/minnow/build/tests/byte_stream_basics_sanitized"
Directory: /home/mostima/cs144/minnow/build
"byte_stream_basics" start time: Apr 14 16:09 CST
Output:
----------------------------------------------------------
<end of output>
Test time =   0.01 sec
----------------------------------------------------------
Test Passed.
"byte_stream_basics" end time: Apr 14 16:09 CST
"byte_stream_basics" time elapsed: 00:00:00
----------------------------------------------------------

4/39 Testing: byte_stream_capacity
4/39 Test: byte_stream_capacity
Command: "/home/mostima/cs144/minnow/build/tests/byte_stream_capacity_sanitized"
Directory: /home/mostima/cs144/minnow/build
"byte_stream_capacity" start time: Apr 14 16:09 CST
Output:
----------------------------------------------------------
<end of output>
Test time =   0.01 sec
----------------------------------------------------------
Test Passed.
"byte_stream_capacity" end time: Apr 14 16:09 CST
"byte_stream_capacity" time elapsed: 00:00:00
----------------------------------------------------------

5/39 Testing: byte_stream_one_write
5/39 Test: byte_stream_one_write
Command: "/home/mostima/cs144/minnow/build/tests/byte_stream_one_write_sanitized"
Directory: /home/mostima/cs144/minnow/build
"byte_stream_one_write" start time: Apr 14 16:09 CST
Output:
----------------------------------------------------------
<end of output>
Test time =   0.01 sec
----------------------------------------------------------
Test Passed.
"byte_stream_one_write" end time: Apr 14 16:09 CST
"byte_stream_one_write" time elapsed: 00:00:00
----------------------------------------------------------

6/39 Testing: byte_stream_two_writes
6/39 Test: byte_stream_two_writes
Command: "/home/mostima/cs144/minnow/build/tests/byte_stream_two_writes_sanitized"
Directory: /home/mostima/cs144/minnow/build
"byte_stream_two_writes" start time: Apr 14 16:09 CST
Output:
----------------------------------------------------------
<end of output>
Test time =   0.01 sec
----------------------------------------------------------
Test Passed.
"byte_stream_two_writes" end time: Apr 14 16:09 CST
"byte_stream_two_writes" time elapsed: 00:00:00
----------------------------------------------------------

7/39 Testing: byte_stream_many_writes
7/39 Test: byte_stream_many_writes
Command: "/home/mostima/cs144/minnow/build/tests/byte_stream_many_writes_sanitized"
Directory: /home/mostima/cs144/minnow/build
"byte_stream_many_writes" start time: Apr 14 16:09 CST
Output:
----------------------------------------------------------
<end of output>
Test time =   0.03 sec
----------------------------------------------------------
Test Passed.
"byte_stream_many_writes" end time: Apr 14 16:09 CST
"byte_stream_many_writes" time elapsed: 00:00:00
----------------------------------------------------------

8/39 Testing: byte_stream_stress_test
8/39 Test: byte_stream_stress_test
Command: "/home/mostima/cs144/minnow/build/tests/byte_stream_stress_test_sanitized"
Directory: /home/mostima/cs144/minnow/build
"byte_stream_stress_test" start time: Apr 14 16:09 CST
Output:
----------------------------------------------------------
<end of output>
Test time =   0.06 sec
----------------------------------------------------------
Test Passed.
"byte_stream_stress_test" end time: Apr 14 16:09 CST
"byte_stream_stress_test" time elapsed: 00:00:00
----------------------------------------------------------

37/39 Testing: compile with optimization
37/39 Test: compile with optimization
Command: "/opt/cmake-3.31.2-linux-x86_64/bin/cmake" "--build" "/home/mostima/cs144/minnow/build" "-t" "speed_testing"
Directory: /home/mostima/cs144/minnow/build
"compile with optimization" start time: Apr 14 16:09 CST
Output:
----------------------------------------------------------
make[4]: warning: -j32 forced in submake: resetting jobserver mode.
[  7%] [32mBuilding CXX object src/CMakeFiles/minnow_optimized.dir/byte_stream.cc.o[0m
[ 15%] [32mBuilding CXX object src/CMakeFiles/minnow_optimized.dir/byte_stream_helpers.cc.o[0m
[ 23%] [32mBuilding CXX object util/CMakeFiles/util_optimized.dir/address.cc.o[0m
[ 30%] [32mBuilding CXX object util/CMakeFiles/util_optimized.dir/eventloop.cc.o[0m
[ 38%] [32mBuilding CXX object util/CMakeFiles/util_optimized.dir/file_descriptor.cc.o[0m
[ 46%] [32mBuilding CXX object util/CMakeFiles/util_optimized.dir/ipv4_header.cc.o[0m
[ 53%] [32mBuilding CXX object util/CMakeFiles/util_optimized.dir/random.cc.o[0m
[ 61%] [32mBuilding CXX object util/CMakeFiles/util_optimized.dir/socket.cc.o[0m
[ 69%] [32mBuilding CXX object util/CMakeFiles/util_optimized.dir/tun.cc.o[0m
[ 76%] [32m[1mLinking CXX static library libminnow_optimized.a[0m
[ 76%] Built target minnow_optimized
[ 84%] [32m[1mLinking CXX static library libutil_optimized.a[0m
[ 84%] Built target util_optimized
[ 92%] [32mBuilding CXX object tests/CMakeFiles/byte_stream_speed_test.dir/byte_stream_speed_test.cc.o[0m
[100%] [32m[1mLinking CXX executable byte_stream_speed_test[0m
[100%] Built target byte_stream_speed_test
[100%] Built target speed_testing
<end of output>
Test time =   1.54 sec
----------------------------------------------------------
Test Passed.
"compile with optimization" end time: Apr 14 16:09 CST
"compile with optimization" time elapsed: 00:00:01
----------------------------------------------------------

38/39 Testing: byte_stream_speed_test
38/39 Test: byte_stream_speed_test
Command: "/home/mostima/cs144/minnow/build/tests/byte_stream_speed_test"
Directory: /home/mostima/cs144/minnow/build
"byte_stream_speed_test" start time: Apr 14 16:09 CST
Output:
----------------------------------------------------------
ByteStream with capacity=32768, write_size=1500, read_size=128 reached 23.67 Gbit/s.
<end of output>
Test time =   0.06 sec
----------------------------------------------------------
Test Passed.
"byte_stream_speed_test" end time: Apr 14 16:09 CST
"byte_stream_speed_test" time elapsed: 00:00:00
----------------------------------------------------------

End testing: Apr 14 16:09 CST
